[INFO] Error stacktraces are turned on.
[INFO] Scanning for projects...
[INFO] 
[INFO] -------------------< com.ameya:employee-department >--------------------
[INFO] Building employee-department 0.0.1-SNAPSHOT
[INFO]   from pom.xml
[INFO] --------------------------------[ jar ]---------------------------------
[INFO] 
[INFO] --- resources:3.3.1:resources (default-resources) @ employee-department ---
[INFO] Copying 2 resources from src\main\resources to target\classes
[INFO] Copying 0 resource from src\main\resources to target\classes
[INFO] 
[INFO] --- compiler:3.13.0:compile (default-compile) @ employee-department ---
[INFO] Recompiling the module because of changed source code.
[INFO] Compiling 10 source files with javac [debug parameters release 21] to target\classes
[INFO] /C:/ProgramData/Jenkins/.jenkins/workspace/employee-deploy-pipeline/remediate-tmp/repo/src/main/java/com/ameya/controller/ServerController.java: C:\ProgramData\Jenkins\.jenkins\workspace\employee-deploy-pipeline\remediate-tmp\repo\src\main\java\com\ameya\controller\ServerController.java uses or overrides a deprecated API.
[INFO] /C:/ProgramData/Jenkins/.jenkins/workspace/employee-deploy-pipeline/remediate-tmp/repo/src/main/java/com/ameya/controller/ServerController.java: Recompile with -Xlint:deprecation for details.
[INFO] ------------------------------------------------------------------------
[INFO] BUILD SUCCESS
[INFO] ------------------------------------------------------------------------
[INFO] Total time:  6.176 s
[INFO] Finished at: 2025-08-31T05:26:46-04:00
[INFO] ------------------------------------------------------------------------
